API for https://demo.data.gouv.fr ready.
Starting at Thu May 21 08:53:10 2026.
Processing universe topic 'univers-accessibilite'.
Found 305 entries in grist.
Unknown Dataset 685965d0ab901919e14a4a1b
Found 304 datasets matching the upcoming universe.
Found 290 datasets currently in the universe.
Updating topic:
- Adding 14 datasets...
- Deleting 0 datasets...
Generating output file dist/accessibilite-demo/organizations-datasets.json with 161 entries...
Found 0 dataservices matching the upcoming universe.
Found 0 dataservices currently in the universe.
Updating topic:
- Adding 0 dataservices...
- Deleting 0 dataservices...
Generating output file dist/accessibilite-demo/organizations-dataservices.json with 0 entries...
Found 1 bouquets with the universe tag.
Generating output file dist/accessibilite-demo/organizations-bouquets.json with 1 entries...
Done at Thu May 21 08:53:56 2026 in 45 seconds.
