API for https://demo.data.gouv.fr ready.
Starting at Thu May  7 07:48:55 2026.
Processing universe topic 'univers-ecospheres'.
Found 184 entries in grist.
Unknown Organization 5cb0433b8b4c410a59915675
Unknown Organization 5ac5cb0388ee38796b3a476b
Unknown Organization 5acdd6e3c751df7b71dfb42b
Unknown Organization 5a83f81fc751df6f8573eb8a
Unknown Organization 65df5d4a04b5dff5a965e2fd
Unknown Organization 67a352054456182679d0b19b
Unknown Organization 68221b9ed5f653ba1129729a
Unknown Organization 683488ce49c7526820da233d
Found 27930 datasets matching the upcoming universe.
Found 27933 datasets currently in the universe.
Updating topic:
- Adding 9 datasets...
- Deleting 12 datasets...
Generating output file dist/ecospheres-demo/organizations-datasets.json with 167 entries...
Unknown Organization 5cb0433b8b4c410a59915675
Unknown Organization 5ac5cb0388ee38796b3a476b
Unknown Organization 5acdd6e3c751df7b71dfb42b
Unknown Organization 5a83f81fc751df6f8573eb8a
Unknown Organization 65df5d4a04b5dff5a965e2fd
Unknown Organization 67a352054456182679d0b19b
Unknown Organization 68221b9ed5f653ba1129729a
Unknown Organization 683488ce49c7526820da233d
Found 86 dataservices matching the upcoming universe.
Found 86 dataservices currently in the universe.
Updating topic:
- Adding 0 dataservices...
- Deleting 0 dataservices...
Generating output file dist/ecospheres-demo/organizations-dataservices.json with 21 entries...
Found 18 bouquets with the universe tag.
Generating output file dist/ecospheres-demo/organizations-bouquets.json with 16 entries...
Done at Thu May  7 07:52:27 2026 in 211 seconds.
