API for https://www.data.gouv.fr ready.
Starting at Mon May 18 08:56:10 2026.
Processing universe topic 'univers-ecospheres'.
Found 208 entries in grist.
Found 28436 datasets matching the upcoming universe.
Found 28436 datasets currently in the universe.
Updating topic:
- Adding 0 datasets...
- Deleting 0 datasets...
Generating output file dist/ecospheres-prod/organizations-datasets.json with 196 entries...
Unknown Organization 539ef743a3a72946de9ebe28
Found 137 dataservices matching the upcoming universe.
Found 137 dataservices currently in the universe.
Updating topic:
- Adding 0 dataservices...
- Deleting 0 dataservices...
Generating output file dist/ecospheres-prod/organizations-dataservices.json with 32 entries...
Found 19 bouquets with the universe tag.
Generating output file dist/ecospheres-prod/organizations-bouquets.json with 17 entries...
Done at Mon May 18 09:04:42 2026 in 512 seconds.
